/home/hgazula/.bash_profile: line 57: bind: warning: line editing not enabled
/home/hgazula/.bash_profile: line 58: bind: warning: line editing not enabled
/var/slurm/slurmd/job36376678/slurm_script: line 18: activate: No such file or directory
ic| len(kwyk_label_files): 11479
ic| global_label_sizes: {67, 107, 108, 110, 111, 112, 113, 114, 115}
ic| all_labels: {0,
                 2,
                 3,
                 4,
                 5,
                 7,
                 8,
                 10,
                 11,
                 12,
                 13,
                 14,
                 15,
                 16,
                 17,
                 18,
                 24,
                 26,
                 28,
                 29,
                 30,
                 31,
                 41,
                 42,
                 43,
                 44,
                 46,
                 47,
                 49,
                 50,
                 51,
                 52,
                 53,
                 54,
                 58,
                 60,
                 62,
                 63,
                 72,
                 77,
                 80,
                 85,
                 251,
                 252,
                 253,
                 254,
                 255,
                 1000,
                 1001,
                 1002,
                 1003,
                 1005,
                 1006,
                 1007,
                 1008,
                 1009,
                 1010,
                 1011,
                 1012,
                 1013,
                 1014,
                 1015,
                 1016,
                 1017,
                 1018,
                 1019,
                 1020,
                 1021,
                 1022,
                 1023,
                 1024,
                 1025,
                 1026,
                 1027,
                 1028,
                 1029,
                 1030,
                 1031,
                 1032,
                 1033,
                 1034,
                 1035,
                 2000,
                 2001,
                 2002,
                 2003,
                 2005,
                 2006,
                 2007,
                 2008,
                 2009,
                 2010,
                 2011,
                 2012,
                 2013,
                 2014,
                 2015,
                 2016,
                 2017,
                 2018,
                 2019,
                 2020,
                 2021,
                 2022,
                 2023,
                 2024,
                 2025,
                 2026,
                 2027,
                 2028,
                 2029,
                 2030,
                 2031,
                 2032,
                 2033,
                 2034,
                 2035}
    len(all_labels): 117
ic| common_labels: {0,
                    2,
                    4,
                    7,
                    8,
                    10,
                    11,
                    12,
                    13,
                    14,
                    15,
                    16,
                    17,
                    18,
                    24,
                    26,
                    28,
                    31,
                    41,
                    43,
                    44,
                    46,
                    47,
                    49,
                    50,
                    51,
                    52,
                    53,
                    54,
                    58,
                    60,
                    63,
                    77,
                    251,
                    252,
                    253,
                    254,
                    255,
                    1001,
                    1003,
                    1008,
                    1011,
                    1013,
                    1015,
                    1022,
                    1024,
                    1027,
                    1028,
                    1029,
                    1031,
                    2001,
                    2002,
                    2003,
                    2008,
                    2022,
                    2024,
                    2026,
                    2028,
                    2029,
                    2031}
    len(common_labels): 60
